#
# There is insufficient memory for the Java Runtime Environment to continue.
# Native memory allocation (malloc) failed to allocate 32744 bytes for ChunkPool::allocate
# Possible reasons:
#   The system is out of physical RAM or swap space
#   In 32 bit mode, the process size limit was hit
# Possible solutions:
#   Reduce memory load on the system
#   Increase physical memory or swap space
#   Check if swap backing store is full
#   Use 64 bit Java on a 64 bit OS
#   Decrease Java heap size (-Xmx/-Xms)
#   Decrease number of Java threads
#   Decrease Java thread stack sizes (-Xss)
#   Set larger code cache with -XX:ReservedCodeCacheSize=
# This output file may be truncated or incomplete.
#
#  Out of Memory Error (allocation.cpp:273), pid=6468, tid=0x0000000000001d10
#
# JRE version: Java(TM) SE Runtime Environment (8.0_102-b14) (build 1.8.0_102-b14)
# Java VM: Java HotSpot(TM) 64-Bit Server VM (25.102-b14 mixed mode windows-amd64 compressed oops)
# Failed to write core dump. Minidumps are not enabled by default on client versions of Windows
#

---------------  T H R E A D  ---------------

Current thread (0x000000001d37a000):  JavaThread "C2 CompilerThread0" daemon [_thread_in_native, id=7440, stack(0x000000001e940000,0x000000001ea40000)]

Stack: [0x000000001e940000,0x000000001ea40000]
[error occurred during error reporting (printing stack bounds), id 0xc0000005]

Native frames: (J=compiled Java code, j=interpreted, Vv=VM code, C=native code)


Current CompileTask:
C2:    665  705       4       groovy.lang.MetaClassImpl$1MOPIter::methodNameAction (479 bytes)


---------------  P R O C E S S  ---------------

Java Threads: ( => current thread )
  0x000000001fa99000 JavaThread "org.jcsp.plugNplay.ProcessWrite@744d7a05" daemon [_thread_blocked, id=9424, stack(0x0000000021920000,0x0000000021a20000)]
  0x000000001fa99800 JavaThread "org.jcsp.plugNplay.ProcessWrite@68b11a49" daemon [_thread_blocked, id=9608, stack(0x00000000215e0000,0x00000000216e0000)]
  0x000000001f952800 JavaThread "org.jcsp.plugNplay.ProcessRead@414bc5a3" daemon [_thread_blocked, id=7488, stack(0x00000000213e0000,0x00000000214e0000)]
  0x000000001f951800 JavaThread "org.jcsp.groovy.plugAndPlay.GPCopy@30c09914" daemon [_thread_blocked, id=10088, stack(0x00000000212b0000,0x00000000213b0000)]
  0x000000001f6de000 JavaThread "org.jcsp.groovy.plugAndPlay.GPrefix@14c5e37c" daemon [_thread_blocked, id=10140, stack(0x000000001eff0000,0x000000001f0f0000)]
  0x000000001f669000 JavaThread "org.jcsp.groovy.plugAndPlay.GPCopy@74f58157" daemon [_thread_blocked, id=1416, stack(0x0000000020ff0000,0x00000000210f0000)]
  0x000000001f668000 JavaThread "org.jcsp.groovy.plugAndPlay.GPrefix@1619a2e3" daemon [_thread_blocked, id=9764, stack(0x0000000020ee0000,0x0000000020fe0000)]
  0x000000001f661000 JavaThread "c3.DifferentiateNeg@4c762604" daemon [_thread_in_vm, id=9408, stack(0x0000000020d50000,0x0000000020e50000)]
  0x000000001f660800 JavaThread "org.jcsp.groovy.plugAndPlay.GIntegrate@548ad73b" daemon [_thread_blocked, id=3048, stack(0x0000000020ba0000,0x0000000020ca0000)]
  0x000000001f65f800 JavaThread "org.jcsp.groovy.plugAndPlay.GNumbers@77846d2c" daemon [_thread_blocked, id=9720, stack(0x0000000020a30000,0x0000000020b30000)]
  0x000000001d40b000 JavaThread "Service Thread" daemon [_thread_blocked, id=8024, stack(0x000000001eee0000,0x000000001efe0000)]
  0x000000001d3b0000 JavaThread "C1 CompilerThread3" daemon [_thread_blocked, id=5268, stack(0x000000001eda0000,0x000000001eea0000)]
  0x000000001d387000 JavaThread "C2 CompilerThread2" daemon [_thread_in_native, id=10200, stack(0x000000001ea40000,0x000000001eb40000)]
  0x000000001d380800 JavaThread "C2 CompilerThread1" daemon [_thread_blocked, id=4212, stack(0x000000001ec00000,0x000000001ed00000)]
=>0x000000001d37a000 JavaThread "C2 CompilerThread0" daemon [_thread_in_native, id=7440, stack(0x000000001e940000,0x000000001ea40000)]
  0x000000001d36e800 JavaThread "Attach Listener" daemon [_thread_blocked, id=5100, stack(0x000000001e7a0000,0x000000001e8a0000)]
  0x000000001d375800 JavaThread "Signal Dispatcher" daemon [_thread_blocked, id=8928, stack(0x000000001e280000,0x000000001e380000)]
  0x000000001c3cd800 JavaThread "Finalizer" daemon [_thread_blocked, id=10160, stack(0x000000001e670000,0x000000001e770000)]
  0x000000001c3c6800 JavaThread "Reference Handler" daemon [_thread_blocked, id=9872, stack(0x000000001e530000,0x000000001e630000)]
  0x0000000001d9f000 JavaThread "main" [_thread_blocked, id=6940, stack(0x0000000002170000,0x0000000002270000)]

Other Threads:
  0x000000001d322800 VMThread [stack: 0x000000001e430000,0x000000001e530000] [id=9820]
  0x000000001d422000 WatcherThread [stack: 0x000000001f160000,0x000000001f260000] [id=9044]

VM state:not at safepoint (normal execution)

VM Mutex/Monitor currently owned by a thread: None

Heap:
 PSYoungGen      total 76288K, used 38714K [0x000000076af80000, 0x0000000770480000, 0x00000007c0000000)
  eden space 65536K, 59% used [0x000000076af80000,0x000000076d54ead8,0x000000076ef80000)
  from space 10752K, 0% used [0x000000076fa00000,0x000000076fa00000,0x0000000770480000)
  to   space 10752K, 0% used [0x000000076ef80000,0x000000076ef80000,0x000000076fa00000)
 ParOldGen       total 175104K, used 0K [0x00000006c0e00000, 0x00000006cb900000, 0x000000076af80000)
  object space 175104K, 0% used [0x00000006c0e00000,0x00000006c0e00000,0x00000006cb900000)
 Metaspace       used 9106K, capacity 9194K, committed 9472K, reserved 1058816K
  class space    used 979K, capacity 996K, committed 1024K, reserved 1048576K

Card table byte_map: [0x0000000011900000,0x0000000012100000] byte_map_base: 0x000000000e2f9000

Marking Bits: (ParMarkBitMap*) 0x00000000587ca6c0
 Begin Bits: [0x0000000013250000, 0x0000000017218000)
 End Bits:   [0x0000000017218000, 0x000000001b1e0000)

Polling page: 0x0000000000590000

CodeCache: size=245760Kb used=3913Kb max_used=3913Kb free=241846Kb
 bounds [0x0000000002540000, 0x0000000002920000, 0x0000000011540000]
 total_blobs=1237 nmethods=721 adapters=429
 compilation: enabled

Compilation events (10 events):
Event: 0.502 Thread 0x000000001d3b0000  719       1       org.codehaus.groovy.runtime.metaclass.MetaClassRegistryImpl::getMetaClassCreationHandler (5 bytes)
Event: 0.502 Thread 0x000000001d3b0000 nmethod 719 0x00000000029043d0 code [0x0000000002904520, 0x0000000002904630]
Event: 0.503 Thread 0x000000001d3b0000  720       3       sun.reflect.ClassFileAssembler::emitByte (11 bytes)
Event: 0.503 Thread 0x000000001d3b0000 nmethod 720 0x0000000002911c90 code [0x0000000002911e00, 0x0000000002911fe8]
Event: 0.503 Thread 0x000000001d3b0000  721       3       sun.reflect.ByteVectorImpl::add (38 bytes)
Event: 0.503 Thread 0x000000001d3b0000 nmethod 721 0x00000000029117d0 code [0x0000000002911940, 0x0000000002911b68]
Event: 0.504 Thread 0x000000001d3b0000  722       3       sun.reflect.ClassFileAssembler::emitShort (24 bytes)
Event: 0.504 Thread 0x000000001d3b0000 nmethod 722 0x0000000002914110 code [0x00000000029142a0, 0x00000000029145f8]
Event: 0.504 Thread 0x000000001d3b0000  723       1       groovy.lang.MetaClassImpl::getTheClass (5 bytes)
Event: 0.504 Thread 0x000000001d3b0000 nmethod 723 0x0000000002903c50 code [0x0000000002903da0, 0x0000000002903eb0]

GC Heap History (0 events):
No events

Deoptimization events (3 events):
Event: 0.149 Thread 0x0000000001d9f000 Uncommon trap: reason=unstable_if action=reinterpret pc=0x00000000027862e8 method=java.io.BufferedInputStream.read()I @ 8
Event: 0.213 Thread 0x0000000001d9f000 Uncommon trap: reason=unstable_if action=reinterpret pc=0x00000000027b9224 method=java.lang.String.indexOf([CII[CIII)I @ 3
Event: 0.412 Thread 0x0000000001d9f000 Uncommon trap: reason=unstable_if action=reinterpret pc=0x000000000286e730 method=sun.net.www.ParseUtil.encodePath(Ljava/lang/String;Z)Ljava/lang/String; @ 109

Internal exceptions (10 events):
Event: 0.453 Thread 0x000000001f660800 Exception <a 'java/lang/ClassNotFoundException': org/jcsp/plugNplay/ProcessReadBeanInfo> (0x000000076cb636b0) thrown at [C:\re\workspace\8-2-build-windows-amd64-cygwin\jdk8u102\7268\hotspot\src\share\vm\classfile\systemDictionary.cpp, line 210]
Event: 0.454 Thread 0x000000001f660800 Exception <a 'java/lang/ClassNotFoundException': org/jcsp/plugNplay/ProcessReadCustomizer> (0x000000076cb6c098) thrown at [C:\re\workspace\8-2-build-windows-amd64-cygwin\jdk8u102\7268\hotspot\src\share\vm\classfile\systemDictionary.cpp, line 210]
Event: 0.479 Thread 0x000000001f668000 Exception <a 'java/lang/ClassNotFoundException': org/jcsp/lang/ChannelOutputImplBeanInfo> (0x000000076cef9600) thrown at [C:\re\workspace\8-2-build-windows-amd64-cygwin\jdk8u102\7268\hotspot\src\share\vm\classfile\systemDictionary.cpp, line 210]
Event: 0.480 Thread 0x000000001f668000 Exception <a 'java/lang/ClassNotFoundException': org/jcsp/lang/ChannelOutputImplCustomizer> (0x000000076cf01f10) thrown at [C:\re\workspace\8-2-build-windows-amd64-cygwin\jdk8u102\7268\hotspot\src\share\vm\classfile\systemDictionary.cpp, line 210]
Event: 0.490 Thread 0x000000001f669000 Exception <a 'java/lang/ClassNotFoundException': org/jcsp/plugNplay/ProcessWriteBeanInfo> (0x000000076c9df2f8) thrown at [C:\re\workspace\8-2-build-windows-amd64-cygwin\jdk8u102\7268\hotspot\src\share\vm\classfile\systemDictionary.cpp, line 210]
Event: 0.491 Thread 0x000000001f669000 Exception <a 'java/lang/ClassNotFoundException': org/jcsp/plugNplay/ProcessWriteCustomizer> (0x000000076c9e7bf8) thrown at [C:\re\workspace\8-2-build-windows-amd64-cygwin\jdk8u102\7268\hotspot\src\share\vm\classfile\systemDictionary.cpp, line 210]
Event: 0.497 Thread 0x000000001f65f800 Exception <a 'java/lang/ClassNotFoundException': java/lang/IntegerBeanInfo> (0x000000076c8679f0) thrown at [C:\re\workspace\8-2-build-windows-amd64-cygwin\jdk8u102\7268\hotspot\src\share\vm\classfile\systemDictionary.cpp, line 210]
Event: 0.497 Thread 0x000000001f65f800 Exception <a 'java/lang/ClassNotFoundException': java/lang/NumberBeanInfo> (0x000000076c86baf0) thrown at [C:\re\workspace\8-2-build-windows-amd64-cygwin\jdk8u102\7268\hotspot\src\share\vm\classfile\systemDictionary.cpp, line 210]
Event: 0.497 Thread 0x000000001f65f800 Exception <a 'java/lang/ClassNotFoundException': java/lang/NumberCustomizer> (0x000000076c86fe48) thrown at [C:\re\workspace\8-2-build-windows-amd64-cygwin\jdk8u102\7268\hotspot\src\share\vm\classfile\systemDictionary.cpp, line 210]
Event: 0.498 Thread 0x000000001f65f800 Exception <a 'java/lang/ClassNotFoundException': java/lang/IntegerCustomizer> (0x000000076c877780) thrown at [C:\re\workspace\8-2-build-windows-amd64-cygwin\jdk8u102\7268\hotspot\src\share\vm\classfile\systemDictionary.cpp, line 210]

Events (10 events):
Event: 0.503 loading class sun/reflect/Label done
Event: 0.503 loading class sun/reflect/Label$PatchInfo
Event: 0.503 loading class sun/reflect/Label$PatchInfo done
Event: 0.503 loading class sun/reflect/MethodAccessorGenerator$1
Event: 0.503 loading class sun/reflect/MethodAccessorGenerator$1 done
Event: 0.503 loading class sun/reflect/ClassDefiner
Event: 0.503 loading class sun/reflect/ClassDefiner done
Event: 0.503 loading class sun/reflect/ClassDefiner$1
Event: 0.503 loading class sun/reflect/ClassDefiner$1 done
Event: 0.504 Thread 0x000000001fa99000 Thread added: 0x000000001fa99000


Dynamic libraries:
0x000000013fb20000 - 0x000000013fb57000 	C:\Program Files\Java\jre1.8.0_102\bin\javaw.exe
0x0000000077c10000 - 0x0000000077dba000 	C:\WINDOWS\SYSTEM32\ntdll.dll
0x0000000077af0000 - 0x0000000077c0f000 	C:\WINDOWS\system32\kernel32.dll
0x000007fefdc80000 - 0x000007fefdcea000 	C:\WINDOWS\system32\KERNELBASE.dll
0x000007feffb20000 - 0x000007feffbfb000 	C:\WINDOWS\system32\ADVAPI32.dll
0x000007fefe9c0000 - 0x000007fefea5f000 	C:\WINDOWS\system32\msvcrt.dll
0x000007feffc30000 - 0x000007feffc4f000 	C:\WINDOWS\SYSTEM32\sechost.dll
0x000007fefea60000 - 0x000007fefeb8d000 	C:\WINDOWS\system32\RPCRT4.dll
0x00000000779f0000 - 0x0000000077aea000 	C:\WINDOWS\system32\USER32.dll
0x000007fefe350000 - 0x000007fefe3b7000 	C:\WINDOWS\system32\GDI32.dll
0x000007feff9a0000 - 0x000007feff9ae000 	C:\WINDOWS\system32\LPK.dll
0x000007feffa50000 - 0x000007feffb1a000 	C:\WINDOWS\system32\USP10.dll
0x000007fefbf00000 - 0x000007fefc0f4000 	C:\WINDOWS\WinSxS\amd64_microsoft.windows.common-controls_6595b64144ccf1df_6.0.7601.18837_none_fa3b1e3d17594757\COMCTL32.dll
0x000007feff9b0000 - 0x000007feffa21000 	C:\WINDOWS\system32\SHLWAPI.dll
0x000007feffc00000 - 0x000007feffc2e000 	C:\WINDOWS\system32\IMM32.DLL
0x000007fefe8a0000 - 0x000007fefe9a9000 	C:\WINDOWS\system32\MSCTF.dll
0x000000005cce0000 - 0x000000005cdb1000 	C:\Program Files\Java\jre1.8.0_102\bin\msvcr100.dll
0x0000000057fb0000 - 0x000000005884a000 	C:\Program Files\Java\jre1.8.0_102\bin\server\jvm.dll
0x000007fef7d00000 - 0x000007fef7d09000 	C:\WINDOWS\system32\WSOCK32.dll
0x000007fefe300000 - 0x000007fefe34d000 	C:\WINDOWS\system32\WS2_32.dll
0x000007fefe9b0000 - 0x000007fefe9b8000 	C:\WINDOWS\system32\NSI.dll
0x000007fef9670000 - 0x000007fef96ab000 	C:\WINDOWS\system32\WINMM.dll
0x000007fefcb40000 - 0x000007fefcb4c000 	C:\WINDOWS\system32\VERSION.dll
0x0000000077dd0000 - 0x0000000077dd7000 	C:\WINDOWS\system32\PSAPI.DLL
0x00000000730b0000 - 0x00000000730bf000 	C:\Program Files\Java\jre1.8.0_102\bin\verify.dll
0x0000000073080000 - 0x00000000730a9000 	C:\Program Files\Java\jre1.8.0_102\bin\java.dll
0x0000000073040000 - 0x0000000073056000 	C:\Program Files\Java\jre1.8.0_102\bin\zip.dll
0x000007fefeb90000 - 0x000007feff91c000 	C:\WINDOWS\system32\SHELL32.dll
0x000007fefe3c0000 - 0x000007fefe5c3000 	C:\WINDOWS\system32\ole32.dll
0x000007fefd950000 - 0x000007fefd95f000 	C:\WINDOWS\system32\profapi.dll

VM Arguments:
jvm_args: -Dfile.encoding=Cp1252 
java_command: c3.TestDifferentiateNeg
java_class_path (initial): C:\Users\40168316\Desktop\ChapterExercises\bin-groovy;C:\eclipse\plugins\org.codehaus.groovy_2.4.3.xx-201608111517-e46\lib\groovy-all-2.4.3.jar;C:\eclipse\plugins\org.codehaus.groovy_2.4.3.xx-201608111517-e46\lib\bsf-2.4.0.jar;C:\eclipse\plugins\org.codehaus.groovy_2.4.3.xx-201608111517-e46\lib\ivy-2.3.0-sources.jar;C:\eclipse\plugins\org.codehaus.groovy_2.4.3.xx-201608111517-e46\lib\ivy-2.3.0.jar;C:\eclipse\plugins\org.codehaus.groovy_2.4.3.xx-201608111517-e46\lib\servlet-api-2.4.jar;C:\Users\40168316\.groovy\greclipse\global_dsld_support;C:\eclipse\plugins\org.codehaus.groovy_2.4.3.xx-201608111517-e46\plugin_dsld_support\;C:\UCaPE-J8-G2.4-14102016\GroovyParallel-Groovy2.4-14102016.jar;C:\Users\40168316\Desktop\ChapterExamples\bin;C:\UCaPE-J8-G2.4-14102016\JCSP-Java8-14102016.jar;C:\Users\40168316\Desktop\UCaPE-J8-G2.4-Lib-Zip-14102016\UCaPE-J8-G2.4-14102016\junit.jar;C:\Users\40168316\Desktop\UCaPE-J8-G2.4-Lib-Zip-14102016\UCaPE-J8-G2.4-14102016\phwclasses.jar;C:\Users\40168316\Desktop\UCaPE-J8-G2.4-Lib-Zip-14102016\UCaPE-J8-G2.4-14102016\JCSP-Java8-14102016.jar
Launcher Type: SUN_STANDARD

Environment Variables:
PATH=C:/Program Files/Java/jre1.8.0_102/bin/server;C:/Program Files/Java/jre1.8.0_102/bin;C:/Program Files/Java/jre1.8.0_102/lib/amd64;C:\Program Files\NVIDIA GPU Computing Toolkit\CUDA\v8.0\bin;C:\Program Files\NVIDIA GPU Computing Toolkit\CUDA\v8.0\libnvvp;C:\VulkanSDK\1.0.21.1\Bin;C:\Program Files\Oculus\Support\oculus-runtime;C:\Program Files\NVIDIA GPU Computing Toolkit\CUDA\v7.5\bin;C:\Program Files\NVIDIA GPU Computing Toolkit\CUDA\v7.5\libnvvp;C:\ProgramData\Oracle\Java\javapath;C:\WINDOWS\system32;C:\WINDOWS;C:\WINDOWS\System32\Wbem;C:\WINDOWS\System32\WindowsPowerShell\v1.0\;C:\Users\Administrator\.dnx\bin;C:\Program Files\Microsoft DNX\Dnvm\;C:\Program Files (x86)\Windows Kits\8.1\Windows Performance Toolkit\;C:\Program Files\Microsoft SQL Server\120\Tools\Binn\;C:\Program Files\Microsoft SQL Server\130\Tools\Binn\;C:\Program Files (x86)\NVIDIA Corporation\PhysX\Common;C:\Program Files (x86)\GtkSharp\2.12\bin;C:\Program Files\Git\cmd;C:\Strawberry\c\bin;C:\Strawberry\perl\site\bin;C:\Strawberry\perl\bin;C:\Program Files (x86)\MiKTeX 2.9\miktex\bin\;C:\Program Files\CMake\bin;C:\eclipse;
USERNAME=40168316
OS=Windows_NT
PROCESSOR_IDENTIFIER=Intel64 Family 6 Model 60 Stepping 3, GenuineIntel



---------------  S Y S T E M  ---------------

OS: Windows 7 , 64 bit Build 7601 (6.1.7601.23418)

CPU:total 8 (4 cores per cpu, 2 threads per core) family 6 model 60 stepping 3, cmov, cx8, fxsr, mmx, sse, sse2, sse3, ssse3, sse4.1, sse4.2, popcnt, avx, avx2, aes, clmul, erms, lzcnt, ht, tsc, tscinvbit, bmi1, bmi2

Memory: 4k page, physical 16715612k(10202712k free), swap 16713752k(5092k free)

vm_info: Java HotSpot(TM) 64-Bit Server VM (25.102-b14) for windows-amd64 JRE (1.8.0_102-b14), built on Jun 22 2016 13:15:21 by "java_re" with MS VC++ 10.0 (VS2010)

time: Sat Jan 14 14:28:09 2017
elapsed time: 0 seconds (0d 0h 0m 0s)

